<?xml version="1.0" encoding="UTF-8"?>
<!-- Generated by org.testng.reporters.JUnitXMLReporter -->
<testsuite ignored="0" hostname="DESKTOP-PO2LC2G" failures="1" tests="1" name="Positive Login Tests" time="26.994" errors="0" timestamp="2022-01-13T21:00:35 CET">
  <testcase classname="tests.PositiveLoginTests" name="asUserLoginUsingValidLoginAndPassword" time="0.834">
    <failure type="java.lang.AssertionError" message="Element was not displayed!">
      <![CDATA[java.lang.AssertionError: Element was not displayed!
at page.objects.FooterPage.assertThatDogBannerIsDisplayed(FooterPage.java:39)
at tests.PositiveLoginTests.asUserLoginUsingValidLoginAndPassword(PositiveLoginTests.java:27)
at java.base/java.util.ArrayList.forEach(ArrayList.java:1541)
at java.base/java.util.concurrent.FutureTask.run(FutureTask.java:264)
at java.base/java.util.concurrent.ThreadPoolExecutor.runWorker(ThreadPoolExecutor.java:1128)
at java.base/java.util.concurrent.ThreadPoolExecutor$Worker.run(ThreadPoolExecutor.java:628)
at java.base/java.lang.Thread.run(Thread.java:834)
... Removed 18 stack frames]]>
    </failure>
  </testcase> <!-- asUserLoginUsingValidLoginAndPassword -->
</testsuite> <!-- Positive Login Tests -->
