<?xml version="1.0" encoding="UTF-8"?>
<testsuite xmlns:xsi="http://www.w3.org/2001/XMLSchema-instance" xsi:noNamespaceSchemaLocation="https://maven.apache.org/surefire/maven-surefire-plugin/xsd/surefire-test-report-3.0.xsd" version="3.0" name="TestSuite" time="29.695" tests="2" errors="0" skipped="0" failures="1">
  <properties>
    <property name="sun.desktop" value="windows"/>
    <property name="awt.toolkit" value="sun.awt.windows.WToolkit"/>
    <property name="surefire.suiteXmlFiles" value="src/test/resources/all_tests_suite.xml"/>
    <property name="java.specification.version" value="11"/>
    <property name="sun.cpu.isalist" value="amd64"/>
    <property name="sun.jnu.encoding" value="Cp1250"/>
    <property name="java.class.path" value="c:\code\javastart_selenium_intro\target\test-classes;c:\code\javastart_selenium_intro\target\classes;C:\Users\vlcnh\.m2\repository\javax\xml\bind\jaxb-api\2.3.0\jaxb-api-2.3.0.jar;C:\Users\vlcnh\.m2\repository\org\slf4j\slf4j-simple\1.7.25\slf4j-simple-1.7.25.jar;C:\Users\vlcnh\.m2\repository\org\slf4j\slf4j-api\1.7.25\slf4j-api-1.7.25.jar;C:\Users\vlcnh\.m2\repository\org\aspectj\aspectjweaver\1.9.5\aspectjweaver-1.9.5.jar;C:\Users\vlcnh\.m2\repository\io\qameta\allure\allure-testng\2.16.0\allure-testng-2.16.0.jar;C:\Users\vlcnh\.m2\repository\io\qameta\allure\allure-java-commons\2.16.0\allure-java-commons-2.16.0.jar;C:\Users\vlcnh\.m2\repository\io\qameta\allure\allure-model\2.16.0\allure-model-2.16.0.jar;C:\Users\vlcnh\.m2\repository\io\qameta\allure\allure-test-filter\2.16.0\allure-test-filter-2.16.0.jar;C:\Users\vlcnh\.m2\repository\org\seleniumhq\selenium\selenium-java\4.0.0\selenium-java-4.0.0.jar;C:\Users\vlcnh\.m2\repository\org\seleniumhq\selenium\selenium-api\4.0.0\selenium-api-4.0.0.jar;C:\Users\vlcnh\.m2\repository\org\seleniumhq\selenium\selenium-chrome-driver\4.0.0\selenium-chrome-driver-4.0.0.jar;C:\Users\vlcnh\.m2\repository\com\google\auto\service\auto-service-annotations\1.0\auto-service-annotations-1.0.jar;C:\Users\vlcnh\.m2\repository\com\google\auto\service\auto-service\1.0\auto-service-1.0.jar;C:\Users\vlcnh\.m2\repository\com\google\auto\auto-common\1.0\auto-common-1.0.jar;C:\Users\vlcnh\.m2\repository\com\google\guava\guava\31.0.1-jre\guava-31.0.1-jre.jar;C:\Users\vlcnh\.m2\repository\com\google\guava\failureaccess\1.0.1\failureaccess-1.0.1.jar;C:\Users\vlcnh\.m2\repository\com\google\guava\listenablefuture\9999.0-empty-to-avoid-conflict-with-guava\listenablefuture-9999.0-empty-to-avoid-conflict-with-guava.jar;C:\Users\vlcnh\.m2\repository\com\google\code\findbugs\jsr305\3.0.2\jsr305-3.0.2.jar;C:\Users\vlcnh\.m2\repository\org\checkerframework\checker-qual\3.12.0\checker-qual-3.12.0.jar;C:\Users\vlcnh\.m2\repository\com\google\errorprone\error_prone_annotations\2.7.1\error_prone_annotations-2.7.1.jar;C:\Users\vlcnh\.m2\repository\com\google\j2objc\j2objc-annotations\1.3\j2objc-annotations-1.3.jar;C:\Users\vlcnh\.m2\repository\org\seleniumhq\selenium\selenium-chromium-driver\4.0.0\selenium-chromium-driver-4.0.0.jar;C:\Users\vlcnh\.m2\repository\org\seleniumhq\selenium\selenium-json\4.0.0\selenium-json-4.0.0.jar;C:\Users\vlcnh\.m2\repository\org\seleniumhq\selenium\selenium-devtools-v85\4.0.0\selenium-devtools-v85-4.0.0.jar;C:\Users\vlcnh\.m2\repository\org\seleniumhq\selenium\selenium-devtools-v93\4.0.0\selenium-devtools-v93-4.0.0.jar;C:\Users\vlcnh\.m2\repository\org\seleniumhq\selenium\selenium-devtools-v94\4.0.0\selenium-devtools-v94-4.0.0.jar;C:\Users\vlcnh\.m2\repository\org\seleniumhq\selenium\selenium-devtools-v95\4.0.0\selenium-devtools-v95-4.0.0.jar;C:\Users\vlcnh\.m2\repository\org\seleniumhq\selenium\selenium-edge-driver\4.0.0\selenium-edge-driver-4.0.0.jar;C:\Users\vlcnh\.m2\repository\org\seleniumhq\selenium\selenium-firefox-driver\4.0.0\selenium-firefox-driver-4.0.0.jar;C:\Users\vlcnh\.m2\repository\org\seleniumhq\selenium\selenium-firefox-xpi-driver\4.0.0\selenium-firefox-xpi-driver-4.0.0.jar;C:\Users\vlcnh\.m2\repository\org\seleniumhq\selenium\selenium-ie-driver\4.0.0\selenium-ie-driver-4.0.0.jar;C:\Users\vlcnh\.m2\repository\org\seleniumhq\selenium\selenium-opera-driver\4.0.0\selenium-opera-driver-4.0.0.jar;C:\Users\vlcnh\.m2\repository\org\seleniumhq\selenium\selenium-remote-driver\4.0.0\selenium-remote-driver-4.0.0.jar;C:\Users\vlcnh\.m2\repository\io\netty\netty-buffer\4.1.68.Final\netty-buffer-4.1.68.Final.jar;C:\Users\vlcnh\.m2\repository\io\netty\netty-codec-http\4.1.67.Final\netty-codec-http-4.1.67.Final.jar;C:\Users\vlcnh\.m2\repository\io\netty\netty-codec\4.1.67.Final\netty-codec-4.1.67.Final.jar;C:\Users\vlcnh\.m2\repository\io\netty\netty-handler\4.1.67.Final\netty-handler-4.1.67.Final.jar;C:\Users\vlcnh\.m2\repository\io\netty\netty-common\4.1.68.Final\netty-common-4.1.68.Final.jar;C:\Users\vlcnh\.m2\repository\io\netty\netty-transport-native-epoll\4.1.67.Final\netty-transport-native-epoll-4.1.67.Final.jar;C:\Users\vlcnh\.m2\repository\io\netty\netty-transport-native-kqueue\4.1.67.Final\netty-transport-native-kqueue-4.1.67.Final.jar;C:\Users\vlcnh\.m2\repository\io\netty\netty-transport-native-unix-common\4.1.67.Final\netty-transport-native-unix-common-4.1.67.Final.jar;C:\Users\vlcnh\.m2\repository\io\netty\netty-transport\4.1.68.Final\netty-transport-4.1.68.Final.jar;C:\Users\vlcnh\.m2\repository\io\netty\netty-resolver\4.1.68.Final\netty-resolver-4.1.68.Final.jar;C:\Users\vlcnh\.m2\repository\io\opentelemetry\opentelemetry-api\1.6.0\opentelemetry-api-1.6.0.jar;C:\Users\vlcnh\.m2\repository\io\opentelemetry\opentelemetry-context\1.6.0\opentelemetry-context-1.6.0.jar;C:\Users\vlcnh\.m2\repository\io\opentelemetry\opentelemetry-exporter-logging\1.6.0\opentelemetry-exporter-logging-1.6.0.jar;C:\Users\vlcnh\.m2\repository\io\opentelemetry\opentelemetry-sdk-metrics\1.6.0-alpha\opentelemetry-sdk-metrics-1.6.0-alpha.jar;C:\Users\vlcnh\.m2\repository\io\opentelemetry\opentelemetry-sdk-common\1.6.0\opentelemetry-sdk-common-1.6.0.jar;C:\Users\vlcnh\.m2\repository\io\opentelemetry\opentelemetry-sdk-extension-autoconfigure-spi\1.6.0\opentelemetry-sdk-extension-autoconfigure-spi-1.6.0.jar;C:\Users\vlcnh\.m2\repository\io\opentelemetry\opentelemetry-sdk-extension-autoconfigure\1.6.0-alpha\opentelemetry-sdk-extension-autoconfigure-1.6.0-alpha.jar;C:\Users\vlcnh\.m2\repository\io\opentelemetry\opentelemetry-sdk-trace\1.6.0\opentelemetry-sdk-trace-1.6.0.jar;C:\Users\vlcnh\.m2\repository\io\opentelemetry\opentelemetry-api-metrics\1.6.0-alpha\opentelemetry-api-metrics-1.6.0-alpha.jar;C:\Users\vlcnh\.m2\repository\io\opentelemetry\opentelemetry-sdk\1.6.0\opentelemetry-sdk-1.6.0.jar;C:\Users\vlcnh\.m2\repository\io\opentelemetry\opentelemetry-semconv\1.6.0-alpha\opentelemetry-semconv-1.6.0-alpha.jar;C:\Users\vlcnh\.m2\repository\io\ous\jtoml\2.0.0\jtoml-2.0.0.jar;C:\Users\vlcnh\.m2\repository\net\bytebuddy\byte-buddy\1.11.19\byte-buddy-1.11.19.jar;C:\Users\vlcnh\.m2\repository\org\apache\commons\commons-exec\1.3\commons-exec-1.3.jar;C:\Users\vlcnh\.m2\repository\org\asynchttpclient\async-http-client\2.12.3\async-http-client-2.12.3.jar;C:\Users\vlcnh\.m2\repository\org\asynchttpclient\async-http-client-netty-utils\2.12.3\async-http-client-netty-utils-2.12.3.jar;C:\Users\vlcnh\.m2\repository\io\netty\netty-codec-socks\4.1.60.Final\netty-codec-socks-4.1.60.Final.jar;C:\Users\vlcnh\.m2\repository\io\netty\netty-handler-proxy\4.1.60.Final\netty-handler-proxy-4.1.60.Final.jar;C:\Users\vlcnh\.m2\repository\io\netty\netty-transport-native-epoll\4.1.60.Final\netty-transport-native-epoll-4.1.60.Final-linux-x86_64.jar;C:\Users\vlcnh\.m2\repository\io\netty\netty-transport-native-kqueue\4.1.60.Final\netty-transport-native-kqueue-4.1.60.Final-osx-x86_64.jar;C:\Users\vlcnh\.m2\repository\org\reactivestreams\reactive-streams\1.0.3\reactive-streams-1.0.3.jar;C:\Users\vlcnh\.m2\repository\com\typesafe\netty\netty-reactive-streams\2.0.4\netty-reactive-streams-2.0.4.jar;C:\Users\vlcnh\.m2\repository\com\sun\activation\jakarta.activation\1.2.2\jakarta.activation-1.2.2.jar;C:\Users\vlcnh\.m2\repository\org\seleniumhq\selenium\selenium-http\4.0.0\selenium-http-4.0.0.jar;C:\Users\vlcnh\.m2\repository\org\seleniumhq\selenium\selenium-safari-driver\4.0.0\selenium-safari-driver-4.0.0.jar;C:\Users\vlcnh\.m2\repository\org\seleniumhq\selenium\selenium-support\4.0.0\selenium-support-4.0.0.jar;C:\Users\vlcnh\.m2\repository\org\testng\testng\7.4.0\testng-7.4.0.jar;C:\Users\vlcnh\.m2\repository\com\beust\jcommander\1.78\jcommander-1.78.jar;C:\Users\vlcnh\.m2\repository\org\webjars\jquery\3.5.1\jquery-3.5.1.jar;C:\Users\vlcnh\.m2\repository\org\apache\logging\log4j\log4j-core\2.14.0\log4j-core-2.14.0.jar;C:\Users\vlcnh\.m2\repository\org\apache\logging\log4j\log4j-api\2.14.0\log4j-api-2.14.0.jar;C:\Users\vlcnh\.m2\repository\org\assertj\assertj-core\3.21.0\assertj-core-3.21.0.jar;"/>
    <property name="java.vm.vendor" value="Oracle Corporation"/>
    <property name="sun.arch.data.model" value="64"/>
    <property name="user.variant" value=""/>
    <property name="java.vendor.url" value="https://openjdk.java.net/"/>
    <property name="user.timezone" value="Europe/Belgrade"/>
    <property name="java.vm.specification.version" value="11"/>
    <property name="os.name" value="Windows 10"/>
    <property name="sun.java.launcher" value="SUN_STANDARD"/>
    <property name="user.country" value="PL"/>
    <property name="sun.boot.library.path" value="C:\Program Files\Java\jdk-11.0.12\bin"/>
    <property name="sun.java.command" value="C:\Users\vlcnh\AppData\Local\Temp\surefire7650718127998117826\surefirebooter1071543130411747999.jar C:\Users\vlcnh\AppData\Local\Temp\surefire7650718127998117826 2022-01-13T21-00-04_067-jvmRun1 surefire6221738556968065948tmp surefire_013807283691004327698tmp"/>
    <property name="jdk.debug" value="release"/>
    <property name="surefire.test.class.path" value="c:\code\javastart_selenium_intro\target\test-classes;c:\code\javastart_selenium_intro\target\classes;C:\Users\vlcnh\.m2\repository\javax\xml\bind\jaxb-api\2.3.0\jaxb-api-2.3.0.jar;C:\Users\vlcnh\.m2\repository\org\slf4j\slf4j-simple\1.7.25\slf4j-simple-1.7.25.jar;C:\Users\vlcnh\.m2\repository\org\slf4j\slf4j-api\1.7.25\slf4j-api-1.7.25.jar;C:\Users\vlcnh\.m2\repository\org\aspectj\aspectjweaver\1.9.5\aspectjweaver-1.9.5.jar;C:\Users\vlcnh\.m2\repository\io\qameta\allure\allure-testng\2.16.0\allure-testng-2.16.0.jar;C:\Users\vlcnh\.m2\repository\io\qameta\allure\allure-java-commons\2.16.0\allure-java-commons-2.16.0.jar;C:\Users\vlcnh\.m2\repository\io\qameta\allure\allure-model\2.16.0\allure-model-2.16.0.jar;C:\Users\vlcnh\.m2\repository\io\qameta\allure\allure-test-filter\2.16.0\allure-test-filter-2.16.0.jar;C:\Users\vlcnh\.m2\repository\org\seleniumhq\selenium\selenium-java\4.0.0\selenium-java-4.0.0.jar;C:\Users\vlcnh\.m2\repository\org\seleniumhq\selenium\selenium-api\4.0.0\selenium-api-4.0.0.jar;C:\Users\vlcnh\.m2\repository\org\seleniumhq\selenium\selenium-chrome-driver\4.0.0\selenium-chrome-driver-4.0.0.jar;C:\Users\vlcnh\.m2\repository\com\google\auto\service\auto-service-annotations\1.0\auto-service-annotations-1.0.jar;C:\Users\vlcnh\.m2\repository\com\google\auto\service\auto-service\1.0\auto-service-1.0.jar;C:\Users\vlcnh\.m2\repository\com\google\auto\auto-common\1.0\auto-common-1.0.jar;C:\Users\vlcnh\.m2\repository\com\google\guava\guava\31.0.1-jre\guava-31.0.1-jre.jar;C:\Users\vlcnh\.m2\repository\com\google\guava\failureaccess\1.0.1\failureaccess-1.0.1.jar;C:\Users\vlcnh\.m2\repository\com\google\guava\listenablefuture\9999.0-empty-to-avoid-conflict-with-guava\listenablefuture-9999.0-empty-to-avoid-conflict-with-guava.jar;C:\Users\vlcnh\.m2\repository\com\google\code\findbugs\jsr305\3.0.2\jsr305-3.0.2.jar;C:\Users\vlcnh\.m2\repository\org\checkerframework\checker-qual\3.12.0\checker-qual-3.12.0.jar;C:\Users\vlcnh\.m2\repository\com\google\errorprone\error_prone_annotations\2.7.1\error_prone_annotations-2.7.1.jar;C:\Users\vlcnh\.m2\repository\com\google\j2objc\j2objc-annotations\1.3\j2objc-annotations-1.3.jar;C:\Users\vlcnh\.m2\repository\org\seleniumhq\selenium\selenium-chromium-driver\4.0.0\selenium-chromium-driver-4.0.0.jar;C:\Users\vlcnh\.m2\repository\org\seleniumhq\selenium\selenium-json\4.0.0\selenium-json-4.0.0.jar;C:\Users\vlcnh\.m2\repository\org\seleniumhq\selenium\selenium-devtools-v85\4.0.0\selenium-devtools-v85-4.0.0.jar;C:\Users\vlcnh\.m2\repository\org\seleniumhq\selenium\selenium-devtools-v93\4.0.0\selenium-devtools-v93-4.0.0.jar;C:\Users\vlcnh\.m2\repository\org\seleniumhq\selenium\selenium-devtools-v94\4.0.0\selenium-devtools-v94-4.0.0.jar;C:\Users\vlcnh\.m2\repository\org\seleniumhq\selenium\selenium-devtools-v95\4.0.0\selenium-devtools-v95-4.0.0.jar;C:\Users\vlcnh\.m2\repository\org\seleniumhq\selenium\selenium-edge-driver\4.0.0\selenium-edge-driver-4.0.0.jar;C:\Users\vlcnh\.m2\repository\org\seleniumhq\selenium\selenium-firefox-driver\4.0.0\selenium-firefox-driver-4.0.0.jar;C:\Users\vlcnh\.m2\repository\org\seleniumhq\selenium\selenium-firefox-xpi-driver\4.0.0\selenium-firefox-xpi-driver-4.0.0.jar;C:\Users\vlcnh\.m2\repository\org\seleniumhq\selenium\selenium-ie-driver\4.0.0\selenium-ie-driver-4.0.0.jar;C:\Users\vlcnh\.m2\repository\org\seleniumhq\selenium\selenium-opera-driver\4.0.0\selenium-opera-driver-4.0.0.jar;C:\Users\vlcnh\.m2\repository\org\seleniumhq\selenium\selenium-remote-driver\4.0.0\selenium-remote-driver-4.0.0.jar;C:\Users\vlcnh\.m2\repository\io\netty\netty-buffer\4.1.68.Final\netty-buffer-4.1.68.Final.jar;C:\Users\vlcnh\.m2\repository\io\netty\netty-codec-http\4.1.67.Final\netty-codec-http-4.1.67.Final.jar;C:\Users\vlcnh\.m2\repository\io\netty\netty-codec\4.1.67.Final\netty-codec-4.1.67.Final.jar;C:\Users\vlcnh\.m2\repository\io\netty\netty-handler\4.1.67.Final\netty-handler-4.1.67.Final.jar;C:\Users\vlcnh\.m2\repository\io\netty\netty-common\4.1.68.Final\netty-common-4.1.68.Final.jar;C:\Users\vlcnh\.m2\repository\io\netty\netty-transport-native-epoll\4.1.67.Final\netty-transport-native-epoll-4.1.67.Final.jar;C:\Users\vlcnh\.m2\repository\io\netty\netty-transport-native-kqueue\4.1.67.Final\netty-transport-native-kqueue-4.1.67.Final.jar;C:\Users\vlcnh\.m2\repository\io\netty\netty-transport-native-unix-common\4.1.67.Final\netty-transport-native-unix-common-4.1.67.Final.jar;C:\Users\vlcnh\.m2\repository\io\netty\netty-transport\4.1.68.Final\netty-transport-4.1.68.Final.jar;C:\Users\vlcnh\.m2\repository\io\netty\netty-resolver\4.1.68.Final\netty-resolver-4.1.68.Final.jar;C:\Users\vlcnh\.m2\repository\io\opentelemetry\opentelemetry-api\1.6.0\opentelemetry-api-1.6.0.jar;C:\Users\vlcnh\.m2\repository\io\opentelemetry\opentelemetry-context\1.6.0\opentelemetry-context-1.6.0.jar;C:\Users\vlcnh\.m2\repository\io\opentelemetry\opentelemetry-exporter-logging\1.6.0\opentelemetry-exporter-logging-1.6.0.jar;C:\Users\vlcnh\.m2\repository\io\opentelemetry\opentelemetry-sdk-metrics\1.6.0-alpha\opentelemetry-sdk-metrics-1.6.0-alpha.jar;C:\Users\vlcnh\.m2\repository\io\opentelemetry\opentelemetry-sdk-common\1.6.0\opentelemetry-sdk-common-1.6.0.jar;C:\Users\vlcnh\.m2\repository\io\opentelemetry\opentelemetry-sdk-extension-autoconfigure-spi\1.6.0\opentelemetry-sdk-extension-autoconfigure-spi-1.6.0.jar;C:\Users\vlcnh\.m2\repository\io\opentelemetry\opentelemetry-sdk-extension-autoconfigure\1.6.0-alpha\opentelemetry-sdk-extension-autoconfigure-1.6.0-alpha.jar;C:\Users\vlcnh\.m2\repository\io\opentelemetry\opentelemetry-sdk-trace\1.6.0\opentelemetry-sdk-trace-1.6.0.jar;C:\Users\vlcnh\.m2\repository\io\opentelemetry\opentelemetry-api-metrics\1.6.0-alpha\opentelemetry-api-metrics-1.6.0-alpha.jar;C:\Users\vlcnh\.m2\repository\io\opentelemetry\opentelemetry-sdk\1.6.0\opentelemetry-sdk-1.6.0.jar;C:\Users\vlcnh\.m2\repository\io\opentelemetry\opentelemetry-semconv\1.6.0-alpha\opentelemetry-semconv-1.6.0-alpha.jar;C:\Users\vlcnh\.m2\repository\io\ous\jtoml\2.0.0\jtoml-2.0.0.jar;C:\Users\vlcnh\.m2\repository\net\bytebuddy\byte-buddy\1.11.19\byte-buddy-1.11.19.jar;C:\Users\vlcnh\.m2\repository\org\apache\commons\commons-exec\1.3\commons-exec-1.3.jar;C:\Users\vlcnh\.m2\repository\org\asynchttpclient\async-http-client\2.12.3\async-http-client-2.12.3.jar;C:\Users\vlcnh\.m2\repository\org\asynchttpclient\async-http-client-netty-utils\2.12.3\async-http-client-netty-utils-2.12.3.jar;C:\Users\vlcnh\.m2\repository\io\netty\netty-codec-socks\4.1.60.Final\netty-codec-socks-4.1.60.Final.jar;C:\Users\vlcnh\.m2\repository\io\netty\netty-handler-proxy\4.1.60.Final\netty-handler-proxy-4.1.60.Final.jar;C:\Users\vlcnh\.m2\repository\io\netty\netty-transport-native-epoll\4.1.60.Final\netty-transport-native-epoll-4.1.60.Final-linux-x86_64.jar;C:\Users\vlcnh\.m2\repository\io\netty\netty-transport-native-kqueue\4.1.60.Final\netty-transport-native-kqueue-4.1.60.Final-osx-x86_64.jar;C:\Users\vlcnh\.m2\repository\org\reactivestreams\reactive-streams\1.0.3\reactive-streams-1.0.3.jar;C:\Users\vlcnh\.m2\repository\com\typesafe\netty\netty-reactive-streams\2.0.4\netty-reactive-streams-2.0.4.jar;C:\Users\vlcnh\.m2\repository\com\sun\activation\jakarta.activation\1.2.2\jakarta.activation-1.2.2.jar;C:\Users\vlcnh\.m2\repository\org\seleniumhq\selenium\selenium-http\4.0.0\selenium-http-4.0.0.jar;C:\Users\vlcnh\.m2\repository\org\seleniumhq\selenium\selenium-safari-driver\4.0.0\selenium-safari-driver-4.0.0.jar;C:\Users\vlcnh\.m2\repository\org\seleniumhq\selenium\selenium-support\4.0.0\selenium-support-4.0.0.jar;C:\Users\vlcnh\.m2\repository\org\testng\testng\7.4.0\testng-7.4.0.jar;C:\Users\vlcnh\.m2\repository\com\beust\jcommander\1.78\jcommander-1.78.jar;C:\Users\vlcnh\.m2\repository\org\webjars\jquery\3.5.1\jquery-3.5.1.jar;C:\Users\vlcnh\.m2\repository\org\apache\logging\log4j\log4j-core\2.14.0\log4j-core-2.14.0.jar;C:\Users\vlcnh\.m2\repository\org\apache\logging\log4j\log4j-api\2.14.0\log4j-api-2.14.0.jar;C:\Users\vlcnh\.m2\repository\org\assertj\assertj-core\3.21.0\assertj-core-3.21.0.jar;"/>
    <property name="sun.cpu.endian" value="little"/>
    <property name="allure.results.directory" value="c:\code\javastart_selenium_intro/target/allure-results"/>
    <property name="user.home" value="C:\Users\vlcnh"/>
    <property name="user.language" value="pl"/>
    <property name="java.specification.vendor" value="Oracle Corporation"/>
    <property name="java.version.date" value="2021-07-20"/>
    <property name="java.home" value="C:\Program Files\Java\jdk-11.0.12"/>
    <property name="file.separator" value="\"/>
    <property name="basedir" value="c:\code\javastart_selenium_intro"/>
    <property name="java.vm.compressedOopsMode" value="32-bit"/>
    <property name="line.separator" value="&#10;"/>
    <property name="java.specification.name" value="Java Platform API Specification"/>
    <property name="java.vm.specification.vendor" value="Oracle Corporation"/>
    <property name="java.awt.graphicsenv" value="sun.awt.Win32GraphicsEnvironment"/>
    <property name="surefire.real.class.path" value="C:\Users\vlcnh\AppData\Local\Temp\surefire7650718127998117826\surefirebooter1071543130411747999.jar"/>
    <property name="user.script" value=""/>
    <property name="sun.management.compiler" value="HotSpot 64-Bit Tiered Compilers"/>
    <property name="java.runtime.version" value="11.0.12+8-LTS-237"/>
    <property name="user.name" value="vlcnh"/>
    <property name="path.separator" value=";"/>
    <property name="otel.metrics.exporter" value="none"/>
    <property name="os.version" value="10.0"/>
    <property name="java.runtime.name" value="Java(TM) SE Runtime Environment"/>
    <property name="otel.traces.exporter" value="none"/>
    <property name="file.encoding" value="Cp1250"/>
    <property name="sun.nio.ch.bugLevel" value=""/>
    <property name="java.vm.name" value="Java HotSpot(TM) 64-Bit Server VM"/>
    <property name="java.vendor.version" value="18.9"/>
    <property name="localRepository" value="C:\Users\vlcnh\.m2\repository"/>
    <property name="java.vendor.url.bug" value="https://bugreport.java.com/bugreport/"/>
    <property name="java.io.tmpdir" value="C:\Users\vlcnh\AppData\Local\Temp\"/>
    <property name="java.version" value="11.0.12"/>
    <property name="user.dir" value="c:\code\javastart_selenium_intro"/>
    <property name="os.arch" value="amd64"/>
    <property name="java.vm.specification.name" value="Java Virtual Machine Specification"/>
    <property name="java.awt.printerjob" value="sun.awt.windows.WPrinterJob"/>
    <property name="sun.os.patch.level" value=""/>
    <property name="java.library.path" value="C:\Program Files\Java\jdk-11.0.12\bin;C:\WINDOWS\Sun\Java\bin;C:\WINDOWS\system32;C:\WINDOWS;C:\Program Files (x86)\Common Files\Oracle\Java\javapath;C:\WINDOWS\system32;C:\WINDOWS;C:\WINDOWS\System32\Wbem;C:\WINDOWS\System32\WindowsPowerShell\v1.0\;C:\WINDOWS\System32\OpenSSH\;C:\Program Files\Java\jdk-11.0.12\\bin;C:\Program Files\Intel\WiFi\bin\;C:\Program Files\Common Files\Intel\WirelessCommon\;C:\Program Files (x86)\Intel\Intel(R) Management Engine Components\DAL;C:\Program Files\Intel\Intel(R) Management Engine Components\DAL;C:\Program Files\Git\cmd;C:\Maven\apache-maven-3.8.4\bin;C:\Users\vlcnh\scoop\shims;C:\Users\vlcnh\AppData\Local\Microsoft\WindowsApps;C:\Users\vlcnh\AppData\Local\GitHubDesktop\bin;%USERPROFILE%\AppData\Local\Microsoft\WindowsApps;;C:\Users\vlcnh\AppData\Local\Programs\Fiddler;."/>
    <property name="java.vendor" value="Oracle Corporation"/>
    <property name="java.vm.info" value="mixed mode"/>
    <property name="java.vm.version" value="11.0.12+8-LTS-237"/>
    <property name="sun.io.unicode.encoding" value="UnicodeLittle"/>
    <property name="java.class.version" value="55.0"/>
  </properties>
  <testcase name="asUserTryToLogInWithIncorrectLoginAndPassword" classname="tests.FailedLoginTests" time="1.932">
    <system-out><![CDATA[[INFO ] 2022-01-13 21:00:08.364 [TestNG-tests-2] configuration.PropertiesLoader - Trying to load properties with file name: configuration.properties
[INFO ] 2022-01-13 21:00:08.364 [TestNG-tests-1] configuration.PropertiesLoader - Trying to load properties with file name: configuration.properties
[INFO ] 2022-01-13 21:00:08.378 [TestNG-tests-1] configuration.PropertiesLoader - Successfully loaded properties for file: configuration.properties
[INFO ] 2022-01-13 21:00:08.378 [TestNG-tests-2] configuration.PropertiesLoader - Successfully loaded properties for file: configuration.properties
[INFO ] 2022-01-13 21:00:17.659 [TestNG-tests-1] utils.testng.listeners.TestListener - Starting test: asUserTryToLogInWithIncorrectLoginAndPassword
[INFO ] 2022-01-13 21:00:18.189 [TestNG-tests-1] driver.listeners.DriverEventListener - Trying to find WebElement with locator By.name: username
[INFO ] 2022-01-13 21:00:18.288 [TestNG-tests-1] driver.listeners.DriverEventListener - Found WebElement with locator By.name: username
[INFO ] 2022-01-13 21:00:18.382 [TestNG-tests-1] driver.listeners.DriverEventListener - Trying to find WebElement with locator By.name: username
[INFO ] 2022-01-13 21:00:18.414 [TestNG-tests-1] driver.listeners.DriverEventListener - Found WebElement with locator By.name: username
[INFO ] 2022-01-13 21:00:18.416 [TestNG-tests-1] driver.listeners.DriverEventListener - Trying to type text [NotExistingLogin]
[INFO ] 2022-01-13 21:00:18.552 [TestNG-tests-1] driver.listeners.DriverEventListener - Typed text [NotExistingLogin]
[INFO ] 2022-01-13 21:00:18.558 [TestNG-tests-1] page.objects.LoginPage - Typed into User Name Field NotExistingLogin
[INFO ] 2022-01-13 21:00:18.562 [TestNG-tests-1] driver.listeners.DriverEventListener - Trying to find WebElement with locator By.name: password
[INFO ] 2022-01-13 21:00:18.619 [TestNG-tests-1] driver.listeners.DriverEventListener - Found WebElement with locator By.name: password
[INFO ] 2022-01-13 21:00:18.620 [TestNG-tests-1] driver.listeners.DriverEventListener - Trying to clear WebElement
[INFO ] 2022-01-13 21:00:18.698 [TestNG-tests-1] driver.listeners.DriverEventListener - Cleared WebElement [[RemoteWebDriver: chrome on WINDOWS (cee568d1c54133b88f7d22ae178bf375)] -> name: password]
[INFO ] 2022-01-13 21:00:18.699 [TestNG-tests-1] driver.listeners.DriverEventListener - Trying to find WebElement with locator By.name: password
[INFO ] 2022-01-13 21:00:18.734 [TestNG-tests-1] driver.listeners.DriverEventListener - Found WebElement with locator By.name: password
[INFO ] 2022-01-13 21:00:18.734 [TestNG-tests-1] driver.listeners.DriverEventListener - Trying to type text [NotProperPassword]
[INFO ] 2022-01-13 21:00:18.824 [TestNG-tests-1] driver.listeners.DriverEventListener - Typed text [NotProperPassword]
[INFO ] 2022-01-13 21:00:18.824 [TestNG-tests-1] page.objects.LoginPage - Typed into Password Field NotProperPassword
[INFO ] 2022-01-13 21:00:18.825 [TestNG-tests-1] driver.listeners.DriverEventListener - Trying to find WebElement with locator By.name: signon
[INFO ] 2022-01-13 21:00:18.859 [TestNG-tests-1] driver.listeners.DriverEventListener - Found WebElement with locator By.name: signon
[INFO ] 2022-01-13 21:00:18.860 [TestNG-tests-1] driver.listeners.DriverEventListener - Trying to click WebElement
[INFO ] 2022-01-13 21:00:19.012 [TestNG-tests-1] driver.listeners.DriverEventListener - Clicked WebElement
[INFO ] 2022-01-13 21:00:19.012 [TestNG-tests-1] page.objects.LoginPage - Clicked on Login Button
[INFO ] 2022-01-13 21:00:19.021 [TestNG-tests-1] page.objects.LoginPage - Checking if warning message Invalid username or password. Signon failed. is displayed
[INFO ] 2022-01-13 21:00:19.022 [TestNG-tests-1] driver.listeners.DriverEventListener - Trying to find WebElement with locator By.cssSelector: #Content ul[class='messages'] li
[INFO ] 2022-01-13 21:00:19.069 [TestNG-tests-1] driver.listeners.DriverEventListener - Found WebElement with locator By.cssSelector: #Content ul[class='messages'] li
[INFO ] 2022-01-13 21:00:19.278 [TestNG-tests-1] generic.assertions.AssertWebElement - Checking if element is displayed
[INFO ] 2022-01-13 21:00:19.279 [TestNG-tests-1] driver.listeners.DriverEventListener - Trying to find WebElement with locator By.cssSelector: #Content ul[class='messages'] li
[INFO ] 2022-01-13 21:00:19.315 [TestNG-tests-1] driver.listeners.DriverEventListener - Found WebElement with locator By.cssSelector: #Content ul[class='messages'] li
[INFO ] 2022-01-13 21:00:19.371 [TestNG-tests-1] generic.assertions.AssertWebElement - WebElement was displayed!
[INFO ] 2022-01-13 21:00:19.371 [TestNG-tests-1] generic.assertions.AssertWebElement - Checking if WebElement has text: Invalid username or password. Signon failed.
[INFO ] 2022-01-13 21:00:19.372 [TestNG-tests-1] driver.listeners.DriverEventListener - Trying to find WebElement with locator By.cssSelector: #Content ul[class='messages'] li
[INFO ] 2022-01-13 21:00:19.408 [TestNG-tests-1] driver.listeners.DriverEventListener - Found WebElement with locator By.cssSelector: #Content ul[class='messages'] li
[INFO ] 2022-01-13 21:00:19.484 [TestNG-tests-1] generic.assertions.AssertWebElement - WebElement had expected text!
[INFO ] 2022-01-13 21:00:19.493 [TestNG-tests-1] utils.testng.listeners.TestListener - Test asUserTryToLogInWithIncorrectLoginAndPassword passed successfully
]]></system-out>
    <system-err><![CDATA[sty 13, 2022 9:00:08 PM org.openqa.selenium.remote.tracing.opentelemetry.OpenTelemetryTracer createTracer
INFO: Using OpenTelemetry for tracing
sty 13, 2022 9:00:15 PM org.openqa.selenium.remote.ProtocolHandshake createSession
INFO: Detected dialect: W3C
]]></system-err>
  </testcase>
  <testcase name="asUserLoginUsingValidLoginAndPassword" classname="tests.PositiveLoginTests" time="3.451">
    <failure message="Element was not displayed!" type="java.lang.AssertionError"><![CDATA[java.lang.AssertionError: Element was not displayed!
	at tests.PositiveLoginTests.asUserLoginUsingValidLoginAndPassword(PositiveLoginTests.java:27)
]]></failure>
    <system-out><![CDATA[[INFO ] 2022-01-13 21:00:31.240 [TestNG-tests-2] utils.testng.listeners.TestListener - Starting test: asUserLoginUsingValidLoginAndPassword
[INFO ] 2022-01-13 21:00:31.387 [TestNG-tests-2] driver.listeners.DriverEventListener - Trying to find WebElement with locator By.name: username
[INFO ] 2022-01-13 21:00:31.410 [TestNG-tests-2] driver.listeners.DriverEventListener - Found WebElement with locator By.name: username
[INFO ] 2022-01-13 21:00:31.449 [TestNG-tests-2] driver.listeners.DriverEventListener - Trying to find WebElement with locator By.name: username
[INFO ] 2022-01-13 21:00:31.467 [TestNG-tests-2] driver.listeners.DriverEventListener - Found WebElement with locator By.name: username
[INFO ] 2022-01-13 21:00:31.467 [TestNG-tests-2] driver.listeners.DriverEventListener - Trying to type text [j2ee]
[INFO ] 2022-01-13 21:00:31.504 [TestNG-tests-2] driver.listeners.DriverEventListener - Typed text [j2ee]
[INFO ] 2022-01-13 21:00:31.504 [TestNG-tests-2] page.objects.LoginPage - Typed into User Name Field j2ee
[INFO ] 2022-01-13 21:00:31.505 [TestNG-tests-2] driver.listeners.DriverEventListener - Trying to find WebElement with locator By.name: password
[INFO ] 2022-01-13 21:00:31.534 [TestNG-tests-2] driver.listeners.DriverEventListener - Found WebElement with locator By.name: password
[INFO ] 2022-01-13 21:00:31.534 [TestNG-tests-2] driver.listeners.DriverEventListener - Trying to clear WebElement
[INFO ] 2022-01-13 21:00:31.586 [TestNG-tests-2] driver.listeners.DriverEventListener - Cleared WebElement [[RemoteWebDriver: chrome on WINDOWS (390c79dded6eebb2fb8a84d425a5fdbb)] -> name: password]
[INFO ] 2022-01-13 21:00:31.586 [TestNG-tests-2] driver.listeners.DriverEventListener - Trying to find WebElement with locator By.name: password
[INFO ] 2022-01-13 21:00:31.612 [TestNG-tests-2] driver.listeners.DriverEventListener - Found WebElement with locator By.name: password
[INFO ] 2022-01-13 21:00:31.612 [TestNG-tests-2] driver.listeners.DriverEventListener - Trying to type text [j2ee]
[INFO ] 2022-01-13 21:00:31.677 [TestNG-tests-2] driver.listeners.DriverEventListener - Typed text [j2ee]
[INFO ] 2022-01-13 21:00:31.677 [TestNG-tests-2] page.objects.LoginPage - Typed into Password Field j2ee
[INFO ] 2022-01-13 21:00:31.677 [TestNG-tests-2] driver.listeners.DriverEventListener - Trying to find WebElement with locator By.name: signon
[INFO ] 2022-01-13 21:00:31.707 [TestNG-tests-2] driver.listeners.DriverEventListener - Found WebElement with locator By.name: signon
[INFO ] 2022-01-13 21:00:31.707 [TestNG-tests-2] driver.listeners.DriverEventListener - Trying to click WebElement
[INFO ] 2022-01-13 21:00:31.939 [TestNG-tests-2] driver.listeners.DriverEventListener - Clicked WebElement
[INFO ] 2022-01-13 21:00:31.939 [TestNG-tests-2] page.objects.LoginPage - Clicked on Login Button
[INFO ] 2022-01-13 21:00:31.940 [TestNG-tests-2] page.objects.FooterPage - Checking if dog banner is displayed
[INFO ] 2022-01-13 21:00:31.940 [TestNG-tests-2] driver.listeners.DriverEventListener - Trying to find WebElement list with locator By.cssSelector: #Banner img[src*='dog']
[INFO ] 2022-01-13 21:00:31.976 [TestNG-tests-2] driver.listeners.DriverEventListener - Found WebElements list with locator By.cssSelector: #Banner img[src*='dog']
[INFO ] 2022-01-13 21:00:32.012 [TestNG-tests-2] driver.listeners.DriverEventListener - Trying to find WebElement list with locator By.cssSelector: #Banner img[src*='dog']
[INFO ] 2022-01-13 21:00:32.030 [TestNG-tests-2] driver.listeners.DriverEventListener - Found WebElements list with locator By.cssSelector: #Banner img[src*='dog']
[INFO ] 2022-01-13 21:00:32.031 [TestNG-tests-2] generic.assertions.AssertWebElement - Checking if element is displayed
[INFO ] 2022-01-13 21:00:32.075 [TestNG-tests-2] utils.testng.listeners.RetryAnalyzer - Retrying test method asUserLoginUsingValidLoginAndPassword!
[INFO ] 2022-01-13 21:00:32.075 [TestNG-tests-2] utils.testng.listeners.TestListener - Test asUserLoginUsingValidLoginAndPassword failed!
]]></system-out>
    <system-err><![CDATA[sty 13, 2022 9:00:29 PM org.openqa.selenium.remote.ProtocolHandshake createSession
INFO: Detected dialect: W3C
]]></system-err>
  </testcase>
</testsuite>